<?xml version="1.0" encoding="utf-8"?><testsuites><testsuite name="pytest" errors="0" failures="0" skipped="0" tests="49" time="7.721" timestamp="2026-09-13T07:58:21.406482+00:00" hostname="9e271e806f1f"><testcase classname="" name="test_exports_and_persisted_configuration" time="0.026" /><testcase classname="" name="test_invalid_counts[0]" time="0.036" /><testcase classname="" name="test_invalid_counts[-1]" time="0.042" /><testcase classname="" name="test_invalid_counts[True]" time="0.045" /><testcase classname="" name="test_invalid_counts[1.2]" time="0.042" /><testcase classname="" name="test_invalid_counts[4]" time="0.045" /><testcase classname="" name="test_fencing_pause_abort_and_idempotence" time="0.139" /><testcase classname="" name="test_online_mutations_after_baseline_was_copied" time="0.208" /><testcase classname="" name="test_bulk_clear_does_not_resurrect_copied_rows" time="0.171" /><testcase classname="" name="test_ttl_touch_expire_absolute_deadlines" time="0.085" /><testcase classname="" name="test_serialization_streams_and_large_payloads[disk]" time="0.245" /><testcase classname="" name="test_serialization_streams_and_large_payloads[json]" time="0.126" /><testcase classname="" name="test_transaction_rollback_and_lifecycle_rejection" time="0.136" /><testcase classname="" name="test_stateful_reference_model[17]" time="0.750" /><testcase classname="" name="test_stateful_reference_model[43]" time="0.735" /><testcase classname="" name="test_stateful_reference_model[991]" time="0.645" /><testcase classname="" name="test_existing_clients_memoize_pickle_named_stores" time="0.108" /><testcase classname="" name="test_adoption_and_wrong_counts" time="0.107" /><testcase classname="" name="test_copy_does_not_cull_due_to_new_per_shard_limits" time="0.761" /><testcase classname="" name="test_metadata_corruption_fails_closed[checksum]" time="0.029" /><testcase classname="" name="test_metadata_corruption_fails_closed[schema]" time="0.025" /><testcase classname="" name="test_metadata_corruption_fails_closed[truncated]" time="0.022" /><testcase classname="" name="test_missing_payload_prevents_cutover" time="0.041" /><testcase classname="" name="test_process_lease_is_nonblocking_and_released" time="0.034" /><testcase classname="" name="test_killed_at_atomic_metadata_publication[before-begin]" time="0.164" /><testcase classname="" name="test_killed_at_atomic_metadata_publication[before-copy]" time="0.187" /><testcase classname="" name="test_killed_at_atomic_metadata_publication[before-reconcile]" time="0.173" /><testcase classname="" name="test_killed_at_atomic_metadata_publication[before-cutover]" time="0.162" /><testcase classname="" name="test_killed_at_atomic_metadata_publication[before-abort]" time="0.173" /><testcase classname="" name="test_killed_at_atomic_metadata_publication[after-begin]" time="0.140" /><testcase classname="" name="test_killed_at_atomic_metadata_publication[after-copy]" time="0.177" /><testcase classname="" name="test_killed_at_atomic_metadata_publication[after-reconcile]" time="0.201" /><testcase classname="" name="test_killed_at_atomic_metadata_publication[after-cutover]" time="0.159" /><testcase classname="" name="test_killed_at_atomic_metadata_publication[after-abort]" time="0.210" /><testcase classname="" name="test_partial_file_copy_recovers_without_orphans" time="0.108" /><testcase classname="" name="test_culling_during_migration_is_reconciled" time="0.167" /><testcase classname="" name="test_competing_process_increment_and_migration" time="0.189" /><testcase classname="" name="test_copy_reads_file_payloads_incrementally" time="0.066" /><testcase classname="" name="test_plain_fanout_native_transactions_are_preserved" time="0.019" /><testcase classname="tests.test_fanout" name="test_set_get_delete" time="0.062" /><testcase classname="tests.test_fanout" name="test_incr" time="0.045" /><testcase classname="tests.test_fanout" name="test_decr" time="0.040" /><testcase classname="tests.test_fanout" name="test_read" time="0.042" /><testcase classname="tests.test_fanout" name="test_pop" time="0.064" /><testcase classname="tests.test_fanout" name="test_expire" time="0.070" /><testcase classname="tests.test_fanout" name="test_evict" time="0.054" /><testcase classname="tests.test_fanout" name="test_clear" time="0.062" /><testcase classname="tests.test_fanout" name="test_pickle" time="0.049" /><testcase classname="tests.test_fanout" name="test_memoize" time="0.196" /></testsuite></testsuites>