<?xml version="1.0" encoding="utf-8"?><testsuites><testsuite name="pytest" errors="0" failures="0" skipped="0" tests="45" time="7.691" timestamp="2026-09-13T08:08:16.221055+00:00" hostname="800d5e3d82d3"><testcase classname="" name="test_exports_and_persisted_configuration" time="0.031" /><testcase classname="" name="test_invalid_counts[0]" time="0.041" /><testcase classname="" name="test_invalid_counts[-1]" time="0.061" /><testcase classname="" name="test_invalid_counts[True]" time="0.054" /><testcase classname="" name="test_invalid_counts[1.2]" time="0.057" /><testcase classname="" name="test_invalid_counts[4]" time="0.066" /><testcase classname="" name="test_fencing_pause_abort_and_idempotence" time="0.185" /><testcase classname="" name="test_online_mutations_after_baseline_was_copied" time="0.251" /><testcase classname="" name="test_bulk_clear_does_not_resurrect_copied_rows" time="0.195" /><testcase classname="" name="test_ttl_touch_expire_absolute_deadlines" time="0.114" /><testcase classname="" name="test_serialization_streams_and_large_payloads[disk]" time="0.281" /><testcase classname="" name="test_serialization_streams_and_large_payloads[json]" time="0.136" /><testcase classname="" name="test_transaction_rollback_and_lifecycle_rejection" time="0.178" /><testcase classname="" name="test_stateful_reference_model[17]" time="0.749" /><testcase classname="" name="test_stateful_reference_model[43]" time="0.661" /><testcase classname="" name="test_stateful_reference_model[991]" time="0.726" /><testcase classname="" name="test_existing_clients_memoize_pickle_named_stores" time="0.170" /><testcase classname="" name="test_adoption_and_wrong_counts" time="0.178" /><testcase classname="" name="test_copy_does_not_cull_due_to_new_per_shard_limits" time="0.951" /><testcase classname="" name="test_metadata_corruption_fails_closed[checksum]" time="0.025" /><testcase classname="" name="test_metadata_corruption_fails_closed[schema]" time="0.034" /><testcase classname="" name="test_metadata_corruption_fails_closed[truncated]" time="0.025" /><testcase classname="" name="test_missing_payload_prevents_cutover" time="0.050" /><testcase classname="" name="test_process_lease_is_nonblocking_and_released" time="0.033" /><testcase classname="" name="test_killed_at_atomic_metadata_publication[before-begin]" time="0.141" /><testcase classname="" name="test_killed_at_atomic_metadata_publication[before-cutover]" time="0.167" /><testcase classname="" name="test_killed_at_atomic_metadata_publication[before-abort]" time="0.159" /><testcase classname="" name="test_killed_at_atomic_metadata_publication[after-begin]" time="0.132" /><testcase classname="" name="test_killed_at_atomic_metadata_publication[after-cutover]" time="0.138" /><testcase classname="" name="test_killed_at_atomic_metadata_publication[after-abort]" time="0.192" /><testcase classname="" name="test_killed_copy_worker_replays_latest_source_payload" time="0.107" /><testcase classname="" name="test_culling_during_migration_is_reconciled" time="0.129" /><testcase classname="" name="test_competing_process_increment_and_migration" time="0.138" /><testcase classname="" name="test_copy_reads_file_payloads_incrementally" time="0.071" /><testcase classname="" name="test_plain_fanout_native_transactions_are_preserved" time="0.031" /><testcase classname="tests.test_fanout" name="test_set_get_delete" time="0.089" /><testcase classname="tests.test_fanout" name="test_incr" time="0.055" /><testcase classname="tests.test_fanout" name="test_decr" time="0.056" /><testcase classname="tests.test_fanout" name="test_read" time="0.066" /><testcase classname="tests.test_fanout" name="test_pop" time="0.088" /><testcase classname="tests.test_fanout" name="test_expire" time="0.092" /><testcase classname="tests.test_fanout" name="test_evict" time="0.074" /><testcase classname="tests.test_fanout" name="test_clear" time="0.083" /><testcase classname="tests.test_fanout" name="test_pickle" time="0.064" /><testcase classname="tests.test_fanout" name="test_memoize" time="0.224" /></testsuite></testsuites>