<?xml version="1.0" encoding="utf-8"?><testsuites><testsuite name="pytest" errors="34" failures="0" skipped="0" tests="45" time="1.748" timestamp="2026-09-13T08:08:16.207606+00:00" hostname="7ceaa022afd2"><testcase classname="" name="test_exports_and_persisted_configuration" time="0.000"><error message="failed on setup with &quot;AssertionError: missing managed online reshard API&#10;assert False&#10; +  where False = hasattr(dc, 'ReshardableFanoutCache')&quot;">@pytest.fixture
    def api():
&gt;       assert hasattr(dc, 'ReshardableFanoutCache'), 'missing managed online reshard API'
E       AssertionError: missing managed online reshard API
E       assert False
E        +  where False = hasattr(dc, 'ReshardableFanoutCache')

/tests/test_online_reshard.py:18: AssertionError</error></testcase><testcase classname="" name="test_invalid_counts[0]" time="0.000"><error message="failed on setup with &quot;AssertionError: missing managed online reshard API&#10;assert False&#10; +  where False = hasattr(dc, 'ReshardableFanoutCache')&quot;">@pytest.fixture
    def api():
&gt;       assert hasattr(dc, 'ReshardableFanoutCache'), 'missing managed online reshard API'
E       AssertionError: missing managed online reshard API
E       assert False
E        +  where False = hasattr(dc, 'ReshardableFanoutCache')

/tests/test_online_reshard.py:18: AssertionError</error></testcase><testcase classname="" name="test_invalid_counts[-1]" time="0.000"><error message="failed on setup with &quot;AssertionError: missing managed online reshard API&#10;assert False&#10; +  where False = hasattr(dc, 'ReshardableFanoutCache')&quot;">@pytest.fixture
    def api():
&gt;       assert hasattr(dc, 'ReshardableFanoutCache'), 'missing managed online reshard API'
E       AssertionError: missing managed online reshard API
E       assert False
E        +  where False = hasattr(dc, 'ReshardableFanoutCache')

/tests/test_online_reshard.py:18: AssertionError</error></testcase><testcase classname="" name="test_invalid_counts[True]" time="0.000"><error message="failed on setup with &quot;AssertionError: missing managed online reshard API&#10;assert False&#10; +  where False = hasattr(dc, 'ReshardableFanoutCache')&quot;">@pytest.fixture
    def api():
&gt;       assert hasattr(dc, 'ReshardableFanoutCache'), 'missing managed online reshard API'
E       AssertionError: missing managed online reshard API
E       assert False
E        +  where False = hasattr(dc, 'ReshardableFanoutCache')

/tests/test_online_reshard.py:18: AssertionError</error></testcase><testcase classname="" name="test_invalid_counts[1.2]" time="0.000"><error message="failed on setup with &quot;AssertionError: missing managed online reshard API&#10;assert False&#10; +  where False = hasattr(dc, 'ReshardableFanoutCache')&quot;">@pytest.fixture
    def api():
&gt;       assert hasattr(dc, 'ReshardableFanoutCache'), 'missing managed online reshard API'
E       AssertionError: missing managed online reshard API
E       assert False
E        +  where False = hasattr(dc, 'ReshardableFanoutCache')

/tests/test_online_reshard.py:18: AssertionError</error></testcase><testcase classname="" name="test_invalid_counts[4]" time="0.000"><error message="failed on setup with &quot;AssertionError: missing managed online reshard API&#10;assert False&#10; +  where False = hasattr(dc, 'ReshardableFanoutCache')&quot;">@pytest.fixture
    def api():
&gt;       assert hasattr(dc, 'ReshardableFanoutCache'), 'missing managed online reshard API'
E       AssertionError: missing managed online reshard API
E       assert False
E        +  where False = hasattr(dc, 'ReshardableFanoutCache')

/tests/test_online_reshard.py:18: AssertionError</error></testcase><testcase classname="" name="test_fencing_pause_abort_and_idempotence" time="0.000"><error message="failed on setup with &quot;AssertionError: missing managed online reshard API&#10;assert False&#10; +  where False = hasattr(dc, 'ReshardableFanoutCache')&quot;">@pytest.fixture
    def api():
&gt;       assert hasattr(dc, 'ReshardableFanoutCache'), 'missing managed online reshard API'
E       AssertionError: missing managed online reshard API
E       assert False
E        +  where False = hasattr(dc, 'ReshardableFanoutCache')

/tests/test_online_reshard.py:18: AssertionError</error></testcase><testcase classname="" name="test_online_mutations_after_baseline_was_copied" time="0.000"><error message="failed on setup with &quot;AssertionError: missing managed online reshard API&#10;assert False&#10; +  where False = hasattr(dc, 'ReshardableFanoutCache')&quot;">@pytest.fixture
    def api():
&gt;       assert hasattr(dc, 'ReshardableFanoutCache'), 'missing managed online reshard API'
E       AssertionError: missing managed online reshard API
E       assert False
E        +  where False = hasattr(dc, 'ReshardableFanoutCache')

/tests/test_online_reshard.py:18: AssertionError</error></testcase><testcase classname="" name="test_bulk_clear_does_not_resurrect_copied_rows" time="0.000"><error message="failed on setup with &quot;AssertionError: missing managed online reshard API&#10;assert False&#10; +  where False = hasattr(dc, 'ReshardableFanoutCache')&quot;">@pytest.fixture
    def api():
&gt;       assert hasattr(dc, 'ReshardableFanoutCache'), 'missing managed online reshard API'
E       AssertionError: missing managed online reshard API
E       assert False
E        +  where False = hasattr(dc, 'ReshardableFanoutCache')

/tests/test_online_reshard.py:18: AssertionError</error></testcase><testcase classname="" name="test_ttl_touch_expire_absolute_deadlines" time="0.000"><error message="failed on setup with &quot;AssertionError: missing managed online reshard API&#10;assert False&#10; +  where False = hasattr(dc, 'ReshardableFanoutCache')&quot;">@pytest.fixture
    def api():
&gt;       assert hasattr(dc, 'ReshardableFanoutCache'), 'missing managed online reshard API'
E       AssertionError: missing managed online reshard API
E       assert False
E        +  where False = hasattr(dc, 'ReshardableFanoutCache')

/tests/test_online_reshard.py:18: AssertionError</error></testcase><testcase classname="" name="test_serialization_streams_and_large_payloads[disk]" time="0.000"><error message="failed on setup with &quot;AssertionError: missing managed online reshard API&#10;assert False&#10; +  where False = hasattr(dc, 'ReshardableFanoutCache')&quot;">@pytest.fixture
    def api():
&gt;       assert hasattr(dc, 'ReshardableFanoutCache'), 'missing managed online reshard API'
E       AssertionError: missing managed online reshard API
E       assert False
E        +  where False = hasattr(dc, 'ReshardableFanoutCache')

/tests/test_online_reshard.py:18: AssertionError</error></testcase><testcase classname="" name="test_serialization_streams_and_large_payloads[json]" time="0.000"><error message="failed on setup with &quot;AssertionError: missing managed online reshard API&#10;assert False&#10; +  where False = hasattr(dc, 'ReshardableFanoutCache')&quot;">@pytest.fixture
    def api():
&gt;       assert hasattr(dc, 'ReshardableFanoutCache'), 'missing managed online reshard API'
E       AssertionError: missing managed online reshard API
E       assert False
E        +  where False = hasattr(dc, 'ReshardableFanoutCache')

/tests/test_online_reshard.py:18: AssertionError</error></testcase><testcase classname="" name="test_transaction_rollback_and_lifecycle_rejection" time="0.000"><error message="failed on setup with &quot;AssertionError: missing managed online reshard API&#10;assert False&#10; +  where False = hasattr(dc, 'ReshardableFanoutCache')&quot;">@pytest.fixture
    def api():
&gt;       assert hasattr(dc, 'ReshardableFanoutCache'), 'missing managed online reshard API'
E       AssertionError: missing managed online reshard API
E       assert False
E        +  where False = hasattr(dc, 'ReshardableFanoutCache')

/tests/test_online_reshard.py:18: AssertionError</error></testcase><testcase classname="" name="test_stateful_reference_model[17]" time="0.000"><error message="failed on setup with &quot;AssertionError: missing managed online reshard API&#10;assert False&#10; +  where False = hasattr(dc, 'ReshardableFanoutCache')&quot;">@pytest.fixture
    def api():
&gt;       assert hasattr(dc, 'ReshardableFanoutCache'), 'missing managed online reshard API'
E       AssertionError: missing managed online reshard API
E       assert False
E        +  where False = hasattr(dc, 'ReshardableFanoutCache')

/tests/test_online_reshard.py:18: AssertionError</error></testcase><testcase classname="" name="test_stateful_reference_model[43]" time="0.001"><error message="failed on setup with &quot;AssertionError: missing managed online reshard API&#10;assert False&#10; +  where False = hasattr(dc, 'ReshardableFanoutCache')&quot;">@pytest.fixture
    def api():
&gt;       assert hasattr(dc, 'ReshardableFanoutCache'), 'missing managed online reshard API'
E       AssertionError: missing managed online reshard API
E       assert False
E        +  where False = hasattr(dc, 'ReshardableFanoutCache')

/tests/test_online_reshard.py:18: AssertionError</error></testcase><testcase classname="" name="test_stateful_reference_model[991]" time="0.000"><error message="failed on setup with &quot;AssertionError: missing managed online reshard API&#10;assert False&#10; +  where False = hasattr(dc, 'ReshardableFanoutCache')&quot;">@pytest.fixture
    def api():
&gt;       assert hasattr(dc, 'ReshardableFanoutCache'), 'missing managed online reshard API'
E       AssertionError: missing managed online reshard API
E       assert False
E        +  where False = hasattr(dc, 'ReshardableFanoutCache')

/tests/test_online_reshard.py:18: AssertionError</error></testcase><testcase classname="" name="test_existing_clients_memoize_pickle_named_stores" time="0.000"><error message="failed on setup with &quot;AssertionError: missing managed online reshard API&#10;assert False&#10; +  where False = hasattr(dc, 'ReshardableFanoutCache')&quot;">@pytest.fixture
    def api():
&gt;       assert hasattr(dc, 'ReshardableFanoutCache'), 'missing managed online reshard API'
E       AssertionError: missing managed online reshard API
E       assert False
E        +  where False = hasattr(dc, 'ReshardableFanoutCache')

/tests/test_online_reshard.py:18: AssertionError</error></testcase><testcase classname="" name="test_adoption_and_wrong_counts" time="0.000"><error message="failed on setup with &quot;AssertionError: missing managed online reshard API&#10;assert False&#10; +  where False = hasattr(dc, 'ReshardableFanoutCache')&quot;">@pytest.fixture
    def api():
&gt;       assert hasattr(dc, 'ReshardableFanoutCache'), 'missing managed online reshard API'
E       AssertionError: missing managed online reshard API
E       assert False
E        +  where False = hasattr(dc, 'ReshardableFanoutCache')

/tests/test_online_reshard.py:18: AssertionError</error></testcase><testcase classname="" name="test_copy_does_not_cull_due_to_new_per_shard_limits" time="0.000"><error message="failed on setup with &quot;AssertionError: missing managed online reshard API&#10;assert False&#10; +  where False = hasattr(dc, 'ReshardableFanoutCache')&quot;">@pytest.fixture
    def api():
&gt;       assert hasattr(dc, 'ReshardableFanoutCache'), 'missing managed online reshard API'
E       AssertionError: missing managed online reshard API
E       assert False
E        +  where False = hasattr(dc, 'ReshardableFanoutCache')

/tests/test_online_reshard.py:18: AssertionError</error></testcase><testcase classname="" name="test_metadata_corruption_fails_closed[checksum]" time="0.000"><error message="failed on setup with &quot;AssertionError: missing managed online reshard API&#10;assert False&#10; +  where False = hasattr(dc, 'ReshardableFanoutCache')&quot;">@pytest.fixture
    def api():
&gt;       assert hasattr(dc, 'ReshardableFanoutCache'), 'missing managed online reshard API'
E       AssertionError: missing managed online reshard API
E       assert False
E        +  where False = hasattr(dc, 'ReshardableFanoutCache')

/tests/test_online_reshard.py:18: AssertionError</error></testcase><testcase classname="" name="test_metadata_corruption_fails_closed[schema]" time="0.000"><error message="failed on setup with &quot;AssertionError: missing managed online reshard API&#10;assert False&#10; +  where False = hasattr(dc, 'ReshardableFanoutCache')&quot;">@pytest.fixture
    def api():
&gt;       assert hasattr(dc, 'ReshardableFanoutCache'), 'missing managed online reshard API'
E       AssertionError: missing managed online reshard API
E       assert False
E        +  where False = hasattr(dc, 'ReshardableFanoutCache')

/tests/test_online_reshard.py:18: AssertionError</error></testcase><testcase classname="" name="test_metadata_corruption_fails_closed[truncated]" time="0.001"><error message="failed on setup with &quot;AssertionError: missing managed online reshard API&#10;assert False&#10; +  where False = hasattr(dc, 'ReshardableFanoutCache')&quot;">@pytest.fixture
    def api():
&gt;       assert hasattr(dc, 'ReshardableFanoutCache'), 'missing managed online reshard API'
E       AssertionError: missing managed online reshard API
E       assert False
E        +  where False = hasattr(dc, 'ReshardableFanoutCache')

/tests/test_online_reshard.py:18: AssertionError</error></testcase><testcase classname="" name="test_missing_payload_prevents_cutover" time="0.001"><error message="failed on setup with &quot;AssertionError: missing managed online reshard API&#10;assert False&#10; +  where False = hasattr(dc, 'ReshardableFanoutCache')&quot;">@pytest.fixture
    def api():
&gt;       assert hasattr(dc, 'ReshardableFanoutCache'), 'missing managed online reshard API'
E       AssertionError: missing managed online reshard API
E       assert False
E        +  where False = hasattr(dc, 'ReshardableFanoutCache')

/tests/test_online_reshard.py:18: AssertionError</error></testcase><testcase classname="" name="test_process_lease_is_nonblocking_and_released" time="0.000"><error message="failed on setup with &quot;AssertionError: missing managed online reshard API&#10;assert False&#10; +  where False = hasattr(dc, 'ReshardableFanoutCache')&quot;">@pytest.fixture
    def api():
&gt;       assert hasattr(dc, 'ReshardableFanoutCache'), 'missing managed online reshard API'
E       AssertionError: missing managed online reshard API
E       assert False
E        +  where False = hasattr(dc, 'ReshardableFanoutCache')

/tests/test_online_reshard.py:18: AssertionError</error></testcase><testcase classname="" name="test_killed_at_atomic_metadata_publication[before-begin]" time="0.000"><error message="failed on setup with &quot;AssertionError: missing managed online reshard API&#10;assert False&#10; +  where False = hasattr(dc, 'ReshardableFanoutCache')&quot;">@pytest.fixture
    def api():
&gt;       assert hasattr(dc, 'ReshardableFanoutCache'), 'missing managed online reshard API'
E       AssertionError: missing managed online reshard API
E       assert False
E        +  where False = hasattr(dc, 'ReshardableFanoutCache')

/tests/test_online_reshard.py:18: AssertionError</error></testcase><testcase classname="" name="test_killed_at_atomic_metadata_publication[before-cutover]" time="0.000"><error message="failed on setup with &quot;AssertionError: missing managed online reshard API&#10;assert False&#10; +  where False = hasattr(dc, 'ReshardableFanoutCache')&quot;">@pytest.fixture
    def api():
&gt;       assert hasattr(dc, 'ReshardableFanoutCache'), 'missing managed online reshard API'
E       AssertionError: missing managed online reshard API
E       assert False
E        +  where False = hasattr(dc, 'ReshardableFanoutCache')

/tests/test_online_reshard.py:18: AssertionError</error></testcase><testcase classname="" name="test_killed_at_atomic_metadata_publication[before-abort]" time="0.000"><error message="failed on setup with &quot;AssertionError: missing managed online reshard API&#10;assert False&#10; +  where False = hasattr(dc, 'ReshardableFanoutCache')&quot;">@pytest.fixture
    def api():
&gt;       assert hasattr(dc, 'ReshardableFanoutCache'), 'missing managed online reshard API'
E       AssertionError: missing managed online reshard API
E       assert False
E        +  where False = hasattr(dc, 'ReshardableFanoutCache')

/tests/test_online_reshard.py:18: AssertionError</error></testcase><testcase classname="" name="test_killed_at_atomic_metadata_publication[after-begin]" time="0.000"><error message="failed on setup with &quot;AssertionError: missing managed online reshard API&#10;assert False&#10; +  where False = hasattr(dc, 'ReshardableFanoutCache')&quot;">@pytest.fixture
    def api():
&gt;       assert hasattr(dc, 'ReshardableFanoutCache'), 'missing managed online reshard API'
E       AssertionError: missing managed online reshard API
E       assert False
E        +  where False = hasattr(dc, 'ReshardableFanoutCache')

/tests/test_online_reshard.py:18: AssertionError</error></testcase><testcase classname="" name="test_killed_at_atomic_metadata_publication[after-cutover]" time="0.000"><error message="failed on setup with &quot;AssertionError: missing managed online reshard API&#10;assert False&#10; +  where False = hasattr(dc, 'ReshardableFanoutCache')&quot;">@pytest.fixture
    def api():
&gt;       assert hasattr(dc, 'ReshardableFanoutCache'), 'missing managed online reshard API'
E       AssertionError: missing managed online reshard API
E       assert False
E        +  where False = hasattr(dc, 'ReshardableFanoutCache')

/tests/test_online_reshard.py:18: AssertionError</error></testcase><testcase classname="" name="test_killed_at_atomic_metadata_publication[after-abort]" time="0.000"><error message="failed on setup with &quot;AssertionError: missing managed online reshard API&#10;assert False&#10; +  where False = hasattr(dc, 'ReshardableFanoutCache')&quot;">@pytest.fixture
    def api():
&gt;       assert hasattr(dc, 'ReshardableFanoutCache'), 'missing managed online reshard API'
E       AssertionError: missing managed online reshard API
E       assert False
E        +  where False = hasattr(dc, 'ReshardableFanoutCache')

/tests/test_online_reshard.py:18: AssertionError</error></testcase><testcase classname="" name="test_killed_copy_worker_replays_latest_source_payload" time="0.000"><error message="failed on setup with &quot;AssertionError: missing managed online reshard API&#10;assert False&#10; +  where False = hasattr(dc, 'ReshardableFanoutCache')&quot;">@pytest.fixture
    def api():
&gt;       assert hasattr(dc, 'ReshardableFanoutCache'), 'missing managed online reshard API'
E       AssertionError: missing managed online reshard API
E       assert False
E        +  where False = hasattr(dc, 'ReshardableFanoutCache')

/tests/test_online_reshard.py:18: AssertionError</error></testcase><testcase classname="" name="test_culling_during_migration_is_reconciled" time="0.000"><error message="failed on setup with &quot;AssertionError: missing managed online reshard API&#10;assert False&#10; +  where False = hasattr(dc, 'ReshardableFanoutCache')&quot;">@pytest.fixture
    def api():
&gt;       assert hasattr(dc, 'ReshardableFanoutCache'), 'missing managed online reshard API'
E       AssertionError: missing managed online reshard API
E       assert False
E        +  where False = hasattr(dc, 'ReshardableFanoutCache')

/tests/test_online_reshard.py:18: AssertionError</error></testcase><testcase classname="" name="test_competing_process_increment_and_migration" time="0.001"><error message="failed on setup with &quot;AssertionError: missing managed online reshard API&#10;assert False&#10; +  where False = hasattr(dc, 'ReshardableFanoutCache')&quot;">@pytest.fixture
    def api():
&gt;       assert hasattr(dc, 'ReshardableFanoutCache'), 'missing managed online reshard API'
E       AssertionError: missing managed online reshard API
E       assert False
E        +  where False = hasattr(dc, 'ReshardableFanoutCache')

/tests/test_online_reshard.py:18: AssertionError</error></testcase><testcase classname="" name="test_copy_reads_file_payloads_incrementally" time="0.000"><error message="failed on setup with &quot;AssertionError: missing managed online reshard API&#10;assert False&#10; +  where False = hasattr(dc, 'ReshardableFanoutCache')&quot;">@pytest.fixture
    def api():
&gt;       assert hasattr(dc, 'ReshardableFanoutCache'), 'missing managed online reshard API'
E       AssertionError: missing managed online reshard API
E       assert False
E        +  where False = hasattr(dc, 'ReshardableFanoutCache')

/tests/test_online_reshard.py:18: AssertionError</error></testcase><testcase classname="" name="test_plain_fanout_native_transactions_are_preserved" time="0.038" /><testcase classname="tests.test_fanout" name="test_set_get_delete" time="0.131" /><testcase classname="tests.test_fanout" name="test_incr" time="0.089" /><testcase classname="tests.test_fanout" name="test_decr" time="0.089" /><testcase classname="tests.test_fanout" name="test_read" time="0.089" /><testcase classname="tests.test_fanout" name="test_pop" time="0.118" /><testcase classname="tests.test_fanout" name="test_expire" time="0.124" /><testcase classname="tests.test_fanout" name="test_evict" time="0.109" /><testcase classname="tests.test_fanout" name="test_clear" time="0.115" /><testcase classname="tests.test_fanout" name="test_pickle" time="0.108" /><testcase classname="tests.test_fanout" name="test_memoize" time="0.372" /></testsuite></testsuites>