<?xml version="1.0" encoding="utf-8"?><testsuites name="pytest tests"><testsuite name="pytest" errors="42" failures="0" skipped="0" tests="50" time="3.904" timestamp="2026-09-13T08:07:34.445633+00:00" hostname="7923eeb6372f"><testcase classname="" name="test_exports_and_absent_reads" time="0.001"><error message="failed on setup with &quot;AssertionError: Implement the checkpoint task protocol&#10;assert False&#10; +  where False = hasattr(luigi, 'CheckpointTask')&quot;">tmp_path = PosixPath('/tmp/pytest-of-root/pytest-0/test_exports_and_absent_reads0')

    @pytest.fixture
    def task(tmp_path):
&gt;       assert hasattr(luigi, "CheckpointTask"), "Implement the checkpoint task protocol"
E       AssertionError: Implement the checkpoint task protocol
E       assert False
E        +  where False = hasattr(luigi, 'CheckpointTask')

/tests/test_checkpoint_task.py:16: AssertionError</error></testcase><testcase classname="" name="test_real_luigi_executes_dynamic_children_and_finishes[1]" time="0.000"><error message="failed on setup with &quot;AssertionError: Implement the checkpoint task protocol&#10;assert False&#10; +  where False = hasattr(luigi, 'CheckpointTask')&quot;">tmp_path = PosixPath('/tmp/pytest-of-root/pytest-0/test_real_luigi_executes_dynam0')

    @pytest.fixture
    def task(tmp_path):
&gt;       assert hasattr(luigi, "CheckpointTask"), "Implement the checkpoint task protocol"
E       AssertionError: Implement the checkpoint task protocol
E       assert False
E        +  where False = hasattr(luigi, 'CheckpointTask')

/tests/test_checkpoint_task.py:16: AssertionError</error></testcase><testcase classname="" name="test_real_luigi_executes_dynamic_children_and_finishes[2]" time="0.001"><error message="failed on setup with &quot;AssertionError: Implement the checkpoint task protocol&#10;assert False&#10; +  where False = hasattr(luigi, 'CheckpointTask')&quot;">tmp_path = PosixPath('/tmp/pytest-of-root/pytest-0/test_real_luigi_executes_dynam1')

    @pytest.fixture
    def task(tmp_path):
&gt;       assert hasattr(luigi, "CheckpointTask"), "Implement the checkpoint task protocol"
E       AssertionError: Implement the checkpoint task protocol
E       assert False
E        +  where False = hasattr(luigi, 'CheckpointTask')

/tests/test_checkpoint_task.py:16: AssertionError</error></testcase><testcase classname="" name="test_committed_transition_survives_generator_and_fresh_interpreter" time="0.000"><error message="failed on setup with &quot;AssertionError: Implement the checkpoint task protocol&#10;assert False&#10; +  where False = hasattr(luigi, 'CheckpointTask')&quot;">tmp_path = PosixPath('/tmp/pytest-of-root/pytest-0/test_committed_transition_surv0')

    @pytest.fixture
    def task(tmp_path):
&gt;       assert hasattr(luigi, "CheckpointTask"), "Implement the checkpoint task protocol"
E       AssertionError: Implement the checkpoint task protocol
E       assert False
E        +  where False = hasattr(luigi, 'CheckpointTask')

/tests/test_checkpoint_task.py:16: AssertionError</error></testcase><testcase classname="" name="test_waiting_state_and_sequence_stable_until_children_complete" time="0.001"><error message="failed on setup with &quot;AssertionError: Implement the checkpoint task protocol&#10;assert False&#10; +  where False = hasattr(luigi, 'CheckpointTask')&quot;">tmp_path = PosixPath('/tmp/pytest-of-root/pytest-0/test_waiting_state_and_sequenc0')

    @pytest.fixture
    def task(tmp_path):
&gt;       assert hasattr(luigi, "CheckpointTask"), "Implement the checkpoint task protocol"
E       AssertionError: Implement the checkpoint task protocol
E       assert False
E        +  where False = hasattr(luigi, 'CheckpointTask')

/tests/test_checkpoint_task.py:16: AssertionError</error></testcase><testcase classname="" name="test_stale_suspended_generator_is_fenced" time="0.000"><error message="failed on setup with &quot;AssertionError: Implement the checkpoint task protocol&#10;assert False&#10; +  where False = hasattr(luigi, 'CheckpointTask')&quot;">tmp_path = PosixPath('/tmp/pytest-of-root/pytest-0/test_stale_suspended_generator0')

    @pytest.fixture
    def task(tmp_path):
&gt;       assert hasattr(luigi, "CheckpointTask"), "Implement the checkpoint task protocol"
E       AssertionError: Implement the checkpoint task protocol
E       assert False
E        +  where False = hasattr(luigi, 'CheckpointTask')

/tests/test_checkpoint_task.py:16: AssertionError</error></testcase><testcase classname="" name="test_reset_cas_epoch_and_stale_continuation" time="0.001"><error message="failed on setup with &quot;AssertionError: Implement the checkpoint task protocol&#10;assert False&#10; +  where False = hasattr(luigi, 'CheckpointTask')&quot;">tmp_path = PosixPath('/tmp/pytest-of-root/pytest-0/test_reset_cas_epoch_and_stale0')

    @pytest.fixture
    def task(tmp_path):
&gt;       assert hasattr(luigi, "CheckpointTask"), "Implement the checkpoint task protocol"
E       AssertionError: Implement the checkpoint task protocol
E       assert False
E        +  where False = hasattr(luigi, 'CheckpointTask')

/tests/test_checkpoint_task.py:16: AssertionError</error></testcase><testcase classname="" name="test_version_upgrade_requires_explicit_reset" time="0.000"><error message="failed on setup with &quot;AssertionError: Implement the checkpoint task protocol&#10;assert False&#10; +  where False = hasattr(luigi, 'CheckpointTask')&quot;">tmp_path = PosixPath('/tmp/pytest-of-root/pytest-0/test_version_upgrade_requires_0')

    @pytest.fixture
    def task(tmp_path):
&gt;       assert hasattr(luigi, "CheckpointTask"), "Implement the checkpoint task protocol"
E       AssertionError: Implement the checkpoint task protocol
E       assert False
E        +  where False = hasattr(luigi, 'CheckpointTask')

/tests/test_checkpoint_task.py:16: AssertionError</error></testcase><testcase classname="" name="test_identity_collision_and_significant_parameter_isolation" time="0.001"><error message="failed on setup with &quot;AssertionError: Implement the checkpoint task protocol&#10;assert False&#10; +  where False = hasattr(luigi, 'CheckpointTask')&quot;">tmp_path = PosixPath('/tmp/pytest-of-root/pytest-0/test_identity_collision_and_si0')

    @pytest.fixture
    def task(tmp_path):
&gt;       assert hasattr(luigi, "CheckpointTask"), "Implement the checkpoint task protocol"
E       AssertionError: Implement the checkpoint task protocol
E       assert False
E        +  where False = hasattr(luigi, 'CheckpointTask')

/tests/test_checkpoint_task.py:16: AssertionError</error></testcase><testcase classname="" name="test_insignificant_parameter_does_not_change_identity" time="0.001"><error message="failed on setup with &quot;AssertionError: Implement the checkpoint task protocol&#10;assert False&#10; +  where False = hasattr(luigi, 'CheckpointTask')&quot;">tmp_path = PosixPath('/tmp/pytest-of-root/pytest-0/test_insignificant_parameter_d0')

    @pytest.fixture
    def task(tmp_path):
&gt;       assert hasattr(luigi, "CheckpointTask"), "Implement the checkpoint task protocol"
E       AssertionError: Implement the checkpoint task protocol
E       assert False
E        +  where False = hasattr(luigi, 'CheckpointTask')

/tests/test_checkpoint_task.py:16: AssertionError</error></testcase><testcase classname="" name="test_invalid_application_protocol_does_not_commit[bad_initial]" time="0.000"><error message="failed on setup with &quot;AssertionError: Implement the checkpoint task protocol&#10;assert False&#10; +  where False = hasattr(luigi, 'CheckpointTask')&quot;">tmp_path = PosixPath('/tmp/pytest-of-root/pytest-0/test_invalid_application_proto0')

    @pytest.fixture
    def task(tmp_path):
&gt;       assert hasattr(luigi, "CheckpointTask"), "Implement the checkpoint task protocol"
E       AssertionError: Implement the checkpoint task protocol
E       assert False
E        +  where False = hasattr(luigi, 'CheckpointTask')

/tests/test_checkpoint_task.py:16: AssertionError</error></testcase><testcase classname="" name="test_invalid_application_protocol_does_not_commit[bad_return]" time="0.000"><error message="failed on setup with &quot;AssertionError: Implement the checkpoint task protocol&#10;assert False&#10; +  where False = hasattr(luigi, 'CheckpointTask')&quot;">tmp_path = PosixPath('/tmp/pytest-of-root/pytest-0/test_invalid_application_proto1')

    @pytest.fixture
    def task(tmp_path):
&gt;       assert hasattr(luigi, "CheckpointTask"), "Implement the checkpoint task protocol"
E       AssertionError: Implement the checkpoint task protocol
E       assert False
E        +  where False = hasattr(luigi, 'CheckpointTask')

/tests/test_checkpoint_task.py:16: AssertionError</error></testcase><testcase classname="" name="test_invalid_application_protocol_does_not_commit[self]" time="0.000"><error message="failed on setup with &quot;AssertionError: Implement the checkpoint task protocol&#10;assert False&#10; +  where False = hasattr(luigi, 'CheckpointTask')&quot;">tmp_path = PosixPath('/tmp/pytest-of-root/pytest-0/test_invalid_application_proto2')

    @pytest.fixture
    def task(tmp_path):
&gt;       assert hasattr(luigi, "CheckpointTask"), "Implement the checkpoint task protocol"
E       AssertionError: Implement the checkpoint task protocol
E       assert False
E        +  where False = hasattr(luigi, 'CheckpointTask')

/tests/test_checkpoint_task.py:16: AssertionError</error></testcase><testcase classname="" name="test_invalid_application_protocol_does_not_commit[req_cycle]" time="0.000"><error message="failed on setup with &quot;AssertionError: Implement the checkpoint task protocol&#10;assert False&#10; +  where False = hasattr(luigi, 'CheckpointTask')&quot;">tmp_path = PosixPath('/tmp/pytest-of-root/pytest-0/test_invalid_application_proto3')

    @pytest.fixture
    def task(tmp_path):
&gt;       assert hasattr(luigi, "CheckpointTask"), "Implement the checkpoint task protocol"
E       AssertionError: Implement the checkpoint task protocol
E       assert False
E        +  where False = hasattr(luigi, 'CheckpointTask')

/tests/test_checkpoint_task.py:16: AssertionError</error></testcase><testcase classname="" name="test_invalid_application_protocol_does_not_commit[req_leaf]" time="0.001"><error message="failed on setup with &quot;AssertionError: Implement the checkpoint task protocol&#10;assert False&#10; +  where False = hasattr(luigi, 'CheckpointTask')&quot;">tmp_path = PosixPath('/tmp/pytest-of-root/pytest-0/test_invalid_application_proto4')

    @pytest.fixture
    def task(tmp_path):
&gt;       assert hasattr(luigi, "CheckpointTask"), "Implement the checkpoint task protocol"
E       AssertionError: Implement the checkpoint task protocol
E       assert False
E        +  where False = hasattr(luigi, 'CheckpointTask')

/tests/test_checkpoint_task.py:16: AssertionError</error></testcase><testcase classname="" name="test_invalid_application_protocol_does_not_commit[req_key]" time="0.000"><error message="failed on setup with &quot;AssertionError: Implement the checkpoint task protocol&#10;assert False&#10; +  where False = hasattr(luigi, 'CheckpointTask')&quot;">tmp_path = PosixPath('/tmp/pytest-of-root/pytest-0/test_invalid_application_proto5')

    @pytest.fixture
    def task(tmp_path):
&gt;       assert hasattr(luigi, "CheckpointTask"), "Implement the checkpoint task protocol"
E       AssertionError: Implement the checkpoint task protocol
E       assert False
E        +  where False = hasattr(luigi, 'CheckpointTask')

/tests/test_checkpoint_task.py:16: AssertionError</error></testcase><testcase classname="" name="test_invalid_application_protocol_does_not_commit[local_task]" time="0.000"><error message="failed on setup with &quot;AssertionError: Implement the checkpoint task protocol&#10;assert False&#10; +  where False = hasattr(luigi, 'CheckpointTask')&quot;">tmp_path = PosixPath('/tmp/pytest-of-root/pytest-0/test_invalid_application_proto6')

    @pytest.fixture
    def task(tmp_path):
&gt;       assert hasattr(luigi, "CheckpointTask"), "Implement the checkpoint task protocol"
E       AssertionError: Implement the checkpoint task protocol
E       assert False
E        +  where False = hasattr(luigi, 'CheckpointTask')

/tests/test_checkpoint_task.py:16: AssertionError</error></testcase><testcase classname="" name="test_invalid_application_protocol_does_not_commit[nan]" time="0.000"><error message="failed on setup with &quot;AssertionError: Implement the checkpoint task protocol&#10;assert False&#10; +  where False = hasattr(luigi, 'CheckpointTask')&quot;">tmp_path = PosixPath('/tmp/pytest-of-root/pytest-0/test_invalid_application_proto7')

    @pytest.fixture
    def task(tmp_path):
&gt;       assert hasattr(luigi, "CheckpointTask"), "Implement the checkpoint task protocol"
E       AssertionError: Implement the checkpoint task protocol
E       assert False
E        +  where False = hasattr(luigi, 'CheckpointTask')

/tests/test_checkpoint_task.py:16: AssertionError</error></testcase><testcase classname="" name="test_invalid_application_protocol_does_not_commit[infinity]" time="0.000"><error message="failed on setup with &quot;AssertionError: Implement the checkpoint task protocol&#10;assert False&#10; +  where False = hasattr(luigi, 'CheckpointTask')&quot;">tmp_path = PosixPath('/tmp/pytest-of-root/pytest-0/test_invalid_application_proto8')

    @pytest.fixture
    def task(tmp_path):
&gt;       assert hasattr(luigi, "CheckpointTask"), "Implement the checkpoint task protocol"
E       AssertionError: Implement the checkpoint task protocol
E       assert False
E        +  where False = hasattr(luigi, 'CheckpointTask')

/tests/test_checkpoint_task.py:16: AssertionError</error></testcase><testcase classname="" name="test_invalid_application_protocol_does_not_commit[bytes]" time="0.000"><error message="failed on setup with &quot;AssertionError: Implement the checkpoint task protocol&#10;assert False&#10; +  where False = hasattr(luigi, 'CheckpointTask')&quot;">tmp_path = PosixPath('/tmp/pytest-of-root/pytest-0/test_invalid_application_proto9')

    @pytest.fixture
    def task(tmp_path):
&gt;       assert hasattr(luigi, "CheckpointTask"), "Implement the checkpoint task protocol"
E       AssertionError: Implement the checkpoint task protocol
E       assert False
E        +  where False = hasattr(luigi, 'CheckpointTask')

/tests/test_checkpoint_task.py:16: AssertionError</error></testcase><testcase classname="" name="test_invalid_application_protocol_does_not_commit[tuple]" time="0.000"><error message="failed on setup with &quot;AssertionError: Implement the checkpoint task protocol&#10;assert False&#10; +  where False = hasattr(luigi, 'CheckpointTask')&quot;">tmp_path = PosixPath('/tmp/pytest-of-root/pytest-0/test_invalid_application_proto10')

    @pytest.fixture
    def task(tmp_path):
&gt;       assert hasattr(luigi, "CheckpointTask"), "Implement the checkpoint task protocol"
E       AssertionError: Implement the checkpoint task protocol
E       assert False
E        +  where False = hasattr(luigi, 'CheckpointTask')

/tests/test_checkpoint_task.py:16: AssertionError</error></testcase><testcase classname="" name="test_invalid_application_protocol_does_not_commit[set]" time="0.000"><error message="failed on setup with &quot;AssertionError: Implement the checkpoint task protocol&#10;assert False&#10; +  where False = hasattr(luigi, 'CheckpointTask')&quot;">tmp_path = PosixPath('/tmp/pytest-of-root/pytest-0/test_invalid_application_proto11')

    @pytest.fixture
    def task(tmp_path):
&gt;       assert hasattr(luigi, "CheckpointTask"), "Implement the checkpoint task protocol"
E       AssertionError: Implement the checkpoint task protocol
E       assert False
E        +  where False = hasattr(luigi, 'CheckpointTask')

/tests/test_checkpoint_task.py:16: AssertionError</error></testcase><testcase classname="" name="test_invalid_application_protocol_does_not_commit[key]" time="0.000"><error message="failed on setup with &quot;AssertionError: Implement the checkpoint task protocol&#10;assert False&#10; +  where False = hasattr(luigi, 'CheckpointTask')&quot;">tmp_path = PosixPath('/tmp/pytest-of-root/pytest-0/test_invalid_application_proto12')

    @pytest.fixture
    def task(tmp_path):
&gt;       assert hasattr(luigi, "CheckpointTask"), "Implement the checkpoint task protocol"
E       AssertionError: Implement the checkpoint task protocol
E       assert False
E        +  where False = hasattr(luigi, 'CheckpointTask')

/tests/test_checkpoint_task.py:16: AssertionError</error></testcase><testcase classname="" name="test_invalid_application_protocol_does_not_commit[state_cycle]" time="0.000"><error message="failed on setup with &quot;AssertionError: Implement the checkpoint task protocol&#10;assert False&#10; +  where False = hasattr(luigi, 'CheckpointTask')&quot;">tmp_path = PosixPath('/tmp/pytest-of-root/pytest-0/test_invalid_application_proto13')

    @pytest.fixture
    def task(tmp_path):
&gt;       assert hasattr(luigi, "CheckpointTask"), "Implement the checkpoint task protocol"
E       AssertionError: Implement the checkpoint task protocol
E       assert False
E        +  where False = hasattr(luigi, 'CheckpointTask')

/tests/test_checkpoint_task.py:16: AssertionError</error></testcase><testcase classname="" name="test_hook_exception_preserves_state_and_releases_lock" time="0.000"><error message="failed on setup with &quot;AssertionError: Implement the checkpoint task protocol&#10;assert False&#10; +  where False = hasattr(luigi, 'CheckpointTask')&quot;">tmp_path = PosixPath('/tmp/pytest-of-root/pytest-0/test_hook_exception_preserves_0')

    @pytest.fixture
    def task(tmp_path):
&gt;       assert hasattr(luigi, "CheckpointTask"), "Implement the checkpoint task protocol"
E       AssertionError: Implement the checkpoint task protocol
E       assert False
E        +  where False = hasattr(luigi, 'CheckpointTask')

/tests/test_checkpoint_task.py:16: AssertionError</error></testcase><testcase classname="" name="test_finish_needs_outputs_and_removed_outputs_need_reset" time="0.000"><error message="failed on setup with &quot;AssertionError: Implement the checkpoint task protocol&#10;assert False&#10; +  where False = hasattr(luigi, 'CheckpointTask')&quot;">tmp_path = PosixPath('/tmp/pytest-of-root/pytest-0/test_finish_needs_outputs_and_0')

    @pytest.fixture
    def task(tmp_path):
&gt;       assert hasattr(luigi, "CheckpointTask"), "Implement the checkpoint task protocol"
E       AssertionError: Implement the checkpoint task protocol
E       assert False
E        +  where False = hasattr(luigi, 'CheckpointTask')

/tests/test_checkpoint_task.py:16: AssertionError</error></testcase><testcase classname="" name="test_existing_outputs_are_insufficient_without_journal" time="0.000"><error message="failed on setup with &quot;AssertionError: Implement the checkpoint task protocol&#10;assert False&#10; +  where False = hasattr(luigi, 'CheckpointTask')&quot;">tmp_path = PosixPath('/tmp/pytest-of-root/pytest-0/test_existing_outputs_are_insu0')

    @pytest.fixture
    def task(tmp_path):
&gt;       assert hasattr(luigi, "CheckpointTask"), "Implement the checkpoint task protocol"
E       AssertionError: Implement the checkpoint task protocol
E       assert False
E        +  where False = hasattr(luigi, 'CheckpointTask')

/tests/test_checkpoint_task.py:16: AssertionError</error></testcase><testcase classname="" name="test_empty_requirements_preserve_container_shape" time="0.000"><error message="failed on setup with &quot;AssertionError: Implement the checkpoint task protocol&#10;assert False&#10; +  where False = hasattr(luigi, 'CheckpointTask')&quot;">tmp_path = PosixPath('/tmp/pytest-of-root/pytest-0/test_empty_requirements_preser0')

    @pytest.fixture
    def task(tmp_path):
&gt;       assert hasattr(luigi, "CheckpointTask"), "Implement the checkpoint task protocol"
E       AssertionError: Implement the checkpoint task protocol
E       assert False
E        +  where False = hasattr(luigi, 'CheckpointTask')

/tests/test_checkpoint_task.py:16: AssertionError</error></testcase><testcase classname="" name="test_private_dependency_parameter_survives_native_worker_scheduling" time="0.000"><error message="failed on setup with &quot;AssertionError: Implement the checkpoint task protocol&#10;assert False&#10; +  where False = hasattr(luigi, 'CheckpointTask')&quot;">tmp_path = PosixPath('/tmp/pytest-of-root/pytest-0/test_private_dependency_parame0')

    @pytest.fixture
    def task(tmp_path):
&gt;       assert hasattr(luigi, "CheckpointTask"), "Implement the checkpoint task protocol"
E       AssertionError: Implement the checkpoint task protocol
E       assert False
E        +  where False = hasattr(luigi, 'CheckpointTask')

/tests/test_checkpoint_task.py:16: AssertionError</error></testcase><testcase classname="" name="test_failed_child_leaves_parent_waiting" time="0.001"><error message="failed on setup with &quot;AssertionError: Implement the checkpoint task protocol&#10;assert False&#10; +  where False = hasattr(luigi, 'CheckpointTask')&quot;">tmp_path = PosixPath('/tmp/pytest-of-root/pytest-0/test_failed_child_leaves_paren0')

    @pytest.fixture
    def task(tmp_path):
&gt;       assert hasattr(luigi, "CheckpointTask"), "Implement the checkpoint task protocol"
E       AssertionError: Implement the checkpoint task protocol
E       assert False
E        +  where False = hasattr(luigi, 'CheckpointTask')

/tests/test_checkpoint_task.py:16: AssertionError</error></testcase><testcase classname="" name="test_deleted_child_rechecked_despite_worker_completion_cache" time="0.001"><error message="failed on setup with &quot;AssertionError: Implement the checkpoint task protocol&#10;assert False&#10; +  where False = hasattr(luigi, 'CheckpointTask')&quot;">tmp_path = PosixPath('/tmp/pytest-of-root/pytest-0/test_deleted_child_rechecked_d0')

    @pytest.fixture
    def task(tmp_path):
&gt;       assert hasattr(luigi, "CheckpointTask"), "Implement the checkpoint task protocol"
E       AssertionError: Implement the checkpoint task protocol
E       assert False
E        +  where False = hasattr(luigi, 'CheckpointTask')

/tests/test_checkpoint_task.py:16: AssertionError</error></testcase><testcase classname="" name="test_corrupt_journals_fail_closed[truncated]" time="0.000"><error message="failed on setup with &quot;AssertionError: Implement the checkpoint task protocol&#10;assert False&#10; +  where False = hasattr(luigi, 'CheckpointTask')&quot;">tmp_path = PosixPath('/tmp/pytest-of-root/pytest-0/test_corrupt_journals_fail_clo0')

    @pytest.fixture
    def task(tmp_path):
&gt;       assert hasattr(luigi, "CheckpointTask"), "Implement the checkpoint task protocol"
E       AssertionError: Implement the checkpoint task protocol
E       assert False
E        +  where False = hasattr(luigi, 'CheckpointTask')

/tests/test_checkpoint_task.py:16: AssertionError</error></testcase><testcase classname="" name="test_corrupt_journals_fail_closed[duplicate]" time="0.000"><error message="failed on setup with &quot;AssertionError: Implement the checkpoint task protocol&#10;assert False&#10; +  where False = hasattr(luigi, 'CheckpointTask')&quot;">tmp_path = PosixPath('/tmp/pytest-of-root/pytest-0/test_corrupt_journals_fail_clo1')

    @pytest.fixture
    def task(tmp_path):
&gt;       assert hasattr(luigi, "CheckpointTask"), "Implement the checkpoint task protocol"
E       AssertionError: Implement the checkpoint task protocol
E       assert False
E        +  where False = hasattr(luigi, 'CheckpointTask')

/tests/test_checkpoint_task.py:16: AssertionError</error></testcase><testcase classname="" name="test_corrupt_journals_fail_closed[checksum]" time="0.001"><error message="failed on setup with &quot;AssertionError: Implement the checkpoint task protocol&#10;assert False&#10; +  where False = hasattr(luigi, 'CheckpointTask')&quot;">tmp_path = PosixPath('/tmp/pytest-of-root/pytest-0/test_corrupt_journals_fail_clo2')

    @pytest.fixture
    def task(tmp_path):
&gt;       assert hasattr(luigi, "CheckpointTask"), "Implement the checkpoint task protocol"
E       AssertionError: Implement the checkpoint task protocol
E       assert False
E        +  where False = hasattr(luigi, 'CheckpointTask')

/tests/test_checkpoint_task.py:16: AssertionError</error></testcase><testcase classname="" name="test_corrupt_journals_fail_closed[schema]" time="0.000"><error message="failed on setup with &quot;AssertionError: Implement the checkpoint task protocol&#10;assert False&#10; +  where False = hasattr(luigi, 'CheckpointTask')&quot;">tmp_path = PosixPath('/tmp/pytest-of-root/pytest-0/test_corrupt_journals_fail_clo3')

    @pytest.fixture
    def task(tmp_path):
&gt;       assert hasattr(luigi, "CheckpointTask"), "Implement the checkpoint task protocol"
E       AssertionError: Implement the checkpoint task protocol
E       assert False
E        +  where False = hasattr(luigi, 'CheckpointTask')

/tests/test_checkpoint_task.py:16: AssertionError</error></testcase><testcase classname="" name="test_corrupt_journals_fail_closed[boolean_sequence]" time="0.000"><error message="failed on setup with &quot;AssertionError: Implement the checkpoint task protocol&#10;assert False&#10; +  where False = hasattr(luigi, 'CheckpointTask')&quot;">tmp_path = PosixPath('/tmp/pytest-of-root/pytest-0/test_corrupt_journals_fail_clo4')

    @pytest.fixture
    def task(tmp_path):
&gt;       assert hasattr(luigi, "CheckpointTask"), "Implement the checkpoint task protocol"
E       AssertionError: Implement the checkpoint task protocol
E       assert False
E        +  where False = hasattr(luigi, 'CheckpointTask')

/tests/test_checkpoint_task.py:16: AssertionError</error></testcase><testcase classname="" name="test_process_death_at_transition_commit[False]" time="0.000"><error message="failed on setup with &quot;AssertionError: Implement the checkpoint task protocol&#10;assert False&#10; +  where False = hasattr(luigi, 'CheckpointTask')&quot;">tmp_path = PosixPath('/tmp/pytest-of-root/pytest-0/test_process_death_at_transiti0')

    @pytest.fixture
    def task(tmp_path):
&gt;       assert hasattr(luigi, "CheckpointTask"), "Implement the checkpoint task protocol"
E       AssertionError: Implement the checkpoint task protocol
E       assert False
E        +  where False = hasattr(luigi, 'CheckpointTask')

/tests/test_checkpoint_task.py:16: AssertionError</error></testcase><testcase classname="" name="test_process_death_at_transition_commit[True]" time="0.000"><error message="failed on setup with &quot;AssertionError: Implement the checkpoint task protocol&#10;assert False&#10; +  where False = hasattr(luigi, 'CheckpointTask')&quot;">tmp_path = PosixPath('/tmp/pytest-of-root/pytest-0/test_process_death_at_transiti1')

    @pytest.fixture
    def task(tmp_path):
&gt;       assert hasattr(luigi, "CheckpointTask"), "Implement the checkpoint task protocol"
E       AssertionError: Implement the checkpoint task protocol
E       assert False
E        +  where False = hasattr(luigi, 'CheckpointTask')

/tests/test_checkpoint_task.py:16: AssertionError</error></testcase><testcase classname="" name="test_exception_after_replace_keeps_committed_transition" time="0.000"><error message="failed on setup with &quot;AssertionError: Implement the checkpoint task protocol&#10;assert False&#10; +  where False = hasattr(luigi, 'CheckpointTask')&quot;">tmp_path = PosixPath('/tmp/pytest-of-root/pytest-0/test_exception_after_replace_k0')

    @pytest.fixture
    def task(tmp_path):
&gt;       assert hasattr(luigi, "CheckpointTask"), "Implement the checkpoint task protocol"
E       AssertionError: Implement the checkpoint task protocol
E       assert False
E        +  where False = hasattr(luigi, 'CheckpointTask')

/tests/test_checkpoint_task.py:16: AssertionError</error></testcase><testcase classname="" name="test_execution_lock_busy_and_released_on_process_death" time="0.001"><error message="failed on setup with &quot;AssertionError: Implement the checkpoint task protocol&#10;assert False&#10; +  where False = hasattr(luigi, 'CheckpointTask')&quot;">tmp_path = PosixPath('/tmp/pytest-of-root/pytest-0/test_execution_lock_busy_and_r0')

    @pytest.fixture
    def task(tmp_path):
&gt;       assert hasattr(luigi, "CheckpointTask"), "Implement the checkpoint task protocol"
E       AssertionError: Implement the checkpoint task protocol
E       assert False
E        +  where False = hasattr(luigi, 'CheckpointTask')

/tests/test_checkpoint_task.py:16: AssertionError</error></testcase><testcase classname="" name="test_yield_releases_lock_for_another_process" time="0.001"><error message="failed on setup with &quot;AssertionError: Implement the checkpoint task protocol&#10;assert False&#10; +  where False = hasattr(luigi, 'CheckpointTask')&quot;">tmp_path = PosixPath('/tmp/pytest-of-root/pytest-0/test_yield_releases_lock_for_a0')

    @pytest.fixture
    def task(tmp_path):
&gt;       assert hasattr(luigi, "CheckpointTask"), "Implement the checkpoint task protocol"
E       AssertionError: Implement the checkpoint task protocol
E       assert False
E        +  where False = hasattr(luigi, 'CheckpointTask')

/tests/test_checkpoint_task.py:16: AssertionError</error></testcase><testcase classname="" name="test_io_failures_propagate" time="0.000"><error message="failed on setup with &quot;AssertionError: Implement the checkpoint task protocol&#10;assert False&#10; +  where False = hasattr(luigi, 'CheckpointTask')&quot;">tmp_path = PosixPath('/tmp/pytest-of-root/pytest-0/test_io_failures_propagate0')

    @pytest.fixture
    def task(tmp_path):
&gt;       assert hasattr(luigi, "CheckpointTask"), "Implement the checkpoint task protocol"
E       AssertionError: Implement the checkpoint task protocol
E       assert False
E        +  where False = hasattr(luigi, 'CheckpointTask')

/tests/test_checkpoint_task.py:16: AssertionError</error></testcase><testcase classname="test.task_test.TaskTest" name="test_task_to_str_to_task" time="0.006" /><testcase classname="test.task_test.TaskTest" name="test_task_from_str_insignificant" time="0.000" /><testcase classname="test.task_test.TaskTest" name="test_getpaths" time="0.003" /><testcase classname="test.task_test.TaskTest" name="test_flatten" time="0.000" /><testcase classname="test.worker_test.WorkerTest" name="test_cache_task_completion_config" time="0.046" /><testcase classname="test.worker_test.DynamicDependenciesTest" name="test_dynamic_dependencies" time="3.545" /><testcase classname="test.worker_test.DynamicDependenciesTest" name="test_dynamic_dependencies_other_module" time="0.012" /><testcase classname="test.worker_test.DynamicDependenciesTest" name="test_wrapped_dynamic_requirements" time="0.020" /></testsuite></testsuites>